# Server version 0.08 running on localhost:8123
# Game ID: 115
# Board class: hus.HusBoard
# Timeout: 2000
# First Move Timeout: 30000
# Date: Mon Apr 04 09:38:16 EDT 2016
# Player 1: Player-0, '260629223', running on localhost
# Player 2: Player-1, 'RandomHusPlayer', running on localhost
START Player-0 260629223
START Player-1 RandomHusPlayer
PIT 0 23
PIT 1 21
PIT 0 22
PIT 1 15
PIT 0 25
PIT 1 18
PIT 0 21
PIT 1 26
PIT 0 27
PIT 1 13
PIT 0 30
PIT 1 27
PIT 0 31
PIT 1 16
PIT 0 23
PIT 1 1
PIT 0 24
PIT 1 5
PIT 0 26
PIT 1 23
PIT 0 31
PIT 1 4
PIT 0 29
PIT 1 9
PIT 0 27
PIT 1 6
PIT 0 20
PIT 1 16
PIT 0 13
PIT 1 31
PIT 0 19
PIT 1 17
GAMEOVER WINNER 1
# Game ended: Mon Apr 04 09:38:17 EDT 2016
