# Server version 0.08 running on 192.168.0.104:8123
# Game ID: 152
# Board class: hus.HusBoard
# Timeout: 2000
# First Move Timeout: 30000
# Date: Tue Apr 05 00:23:15 EDT 2016
# Player 1: Player-0, '260629223', running on localhost
# Player 2: Player-1, 'RandomHusPlayer', running on localhost
START Player-0 260629223
START Player-1 RandomHusPlayer
PIT 0 23
PIT 1 3
PIT 0 19
PIT 1 18
PIT 0 18
PIT 1 0
PIT 0 13
PIT 1 21
PIT 0 18
PIT 1 13
PIT 0 29
PIT 1 1
PIT 0 20
PIT 1 10
PIT 0 30
PIT 1 3
PIT 0 28
GAMEOVER WINNER 0
# Game ended: Tue Apr 05 00:23:16 EDT 2016
