# Server version 0.08 running on 192.168.0.104:8123
# Game ID: 160
# Board class: hus.HusBoard
# Timeout: 2000
# First Move Timeout: 30000
# Date: Tue Apr 05 00:23:26 EDT 2016
# Player 1: Player-0, '260629223', running on localhost
# Player 2: Player-1, 'RandomHusPlayer', running on localhost
START Player-0 260629223
START Player-1 RandomHusPlayer
PIT 0 23
PIT 1 6
PIT 0 19
PIT 1 19
PIT 0 20
PIT 1 0
PIT 0 16
PIT 1 13
PIT 0 12
PIT 1 15
PIT 0 16
PIT 1 16
PIT 0 14
PIT 1 19
PIT 0 24
PIT 1 24
PIT 0 23
PIT 1 12
PIT 0 25
PIT 1 20
PIT 0 27
PIT 1 25
PIT 0 16
GAMEOVER WINNER 0
# Game ended: Tue Apr 05 00:23:26 EDT 2016
