# Server version 0.08 running on 192.168.0.104:8123
# Game ID: 150
# Board class: hus.HusBoard
# Timeout: 2000
# First Move Timeout: 30000
# Date: Tue Apr 05 00:16:49 EDT 2016
# Player 1: Player-0, '260629223', running on localhost
# Player 2: Player-1, 'RandomHusPlayer', running on localhost
START Player-0 260629223
START Player-1 RandomHusPlayer
PIT 0 23
PIT 1 4
PIT 0 22
PIT 1 2
PIT 0 21
PIT 1 10
PIT 0 23
PIT 1 0
PIT 0 26
PIT 1 3
PIT 0 31
PIT 1 22
PIT 0 10
PIT 1 4
PIT 0 24
PIT 1 1
PIT 0 31
PIT 1 2
PIT 0 29
PIT 1 3
PIT 0 31
PIT 1 7
PIT 0 30
PIT 1 8
PIT 0 29
PIT 1 10
PIT 0 31
PIT 1 11
PIT 0 30
PIT 1 12
PIT 0 25
PIT 1 14
PIT 0 26
PIT 1 16
PIT 0 20
PIT 1 17
PIT 0 22
PIT 1 15
PIT 0 25
GAMEOVER WINNER 0
# Game ended: Tue Apr 05 00:16:49 EDT 2016
