# Server version 0.08 running on 192.168.0.104:8123
# Game ID: 147
# Board class: hus.HusBoard
# Timeout: 2000
# First Move Timeout: 30000
# Date: Tue Apr 05 00:15:44 EDT 2016
# Player 1: Player-0, '260629223', running on 192.168.0.104
# Player 2: Player-1, 'RandomHusPlayer', running on 192.168.0.104
START Player-0 260629223
START Player-1 RandomHusPlayer
PIT 0 23
PIT 1 23
PIT 0 20
PIT 1 21
PIT 0 22
PIT 1 1
PIT 0 19
PIT 1 10
PIT 0 24
PIT 1 4
PIT 0 31
PIT 1 0
PIT 0 30
PIT 1 7
PIT 0 28
PIT 1 8
PIT 0 31
PIT 1 5
PIT 0 29
PIT 1 9
PIT 0 30
PIT 1 15
PIT 0 29
PIT 1 14
PIT 0 25
PIT 1 10
PIT 0 31
GAMEOVER WINNER 0
# Game ended: Tue Apr 05 00:15:44 EDT 2016
